<?xml version="1.0" encoding="UTF-8"?>
<!-- Generated by org.testng.reporters.JUnitXMLReporter -->
<testsuite hostname="DESKTOP-3R73L8V" ignored="0" name="OpenCart Tests" tests="2" failures="1" timestamp="2021-10-22T06:49:45 IST" time="34.313" errors="0">
  <testcase name="test_account_Registration" time="13.007" classname="testCases.TC_001_AccountRegistration">
    <failure type="java.lang.AssertionError" message="expected [true] but found [false]">
      <![CDATA[java.lang.AssertionError: expected [true] but found [false]
at testCases.TC_001_AccountRegistration.test_account_Registration(TC_001_AccountRegistration.java:85)
at java.util.ArrayList.forEach(ArrayList.java:1259)
at java.util.concurrent.FutureTask.run(FutureTask.java:266)
at java.util.concurrent.ThreadPoolExecutor.runWorker(ThreadPoolExecutor.java:1149)
at java.util.concurrent.ThreadPoolExecutor$Worker.run(ThreadPoolExecutor.java:624)
at java.lang.Thread.run(Thread.java:748)
... Removed 22 stack frames]]>
    </failure>
  </testcase> <!-- test_account_Registration -->
  <testcase name="test_Login" time="11.963" classname="testCases.TC_002_Login"/>
</testsuite> <!-- OpenCart Tests -->
